-----01-21-2018 @ 10:18:01 ------
schedule_update_user_items
-----01-21-2018 @ 10:28:18 ------
schedule_update_user_items
-----01-21-2018 @ 10:39:48 ------
schedule_update_user_items
-----01-21-2018 @ 10:52:02 ------
schedule_update_user_items
-----01-21-2018 @ 11:04:17 ------
schedule_update_user_items
-----01-21-2018 @ 11:08:52 ------
schedule_update_user_items
-----01-21-2018 @ 11:19:35 ------
schedule_update_user_items
-----01-21-2018 @ 11:37:42 ------
schedule_update_user_items
-----01-21-2018 @ 11:38:04 ------
schedule_update_user_items
-----01-21-2018 @ 11:48:23 ------
schedule_update_user_items
-----01-21-2018 @ 11:58:33 ------
schedule_update_user_items
-----01-21-2018 @ 12:08:40 ------
schedule_update_user_items
-----01-21-2018 @ 12:19:06 ------
schedule_update_user_items
-----01-21-2018 @ 12:28:24 ------
schedule_update_user_items
-----01-21-2018 @ 12:37:55 ------
schedule_update_user_items
-----01-21-2018 @ 12:40:12 ------
Array
(
    [0] => stdClass Object
        (
            [type] => text
            [originX] => center
            [originY] => top
            [left] => 1106.23
            [top] => 558.52
            [width] => 606.32
            [height] => 68.2
            [fill] => #333333
            [stroke] => 
            [strokeWidth] => 1
            [strokeDashArray] => 
            [strokeLineCap] => butt
            [strokeLineJoin] => miter
            [strokeMiterLimit] => 10
            [scaleX] => 1
            [scaleY] => 1
            [angle] => 0
            [flipX] => 
            [flipY] => 
            [opacity] => 1
            [shadow] => 
            [visible] => 1
            [clipTo] => 
            [backgroundColor] => 
            [fillRule] => nonzero
            [globalCompositeOperation] => source-over
            [name] => ea3f796086d2b6e7
            [fieldType] => custom
            [text] => This is to certify that
            [fontSize] => 68.2
            [fontWeight] => normal
            [fontFamily] => Helvetica
            [fontStyle] => 
            [lineHeight] => 1
            [textDecoration] => 
            [textAlign] => left
            [path] => 
            [textBackgroundColor] => 
            [useNative] => 1
        )

    [1] => stdClass Object
        (
            [type] => text
            [originX] => center
            [originY] => top
            [left] => 1100.83
            [top] => 717.41
            [width] => 209.15
            [height] => 33.6
            [fill] => #333333
            [stroke] => 
            [strokeWidth] => 1
            [strokeDashArray] => 
            [strokeLineCap] => butt
            [strokeLineJoin] => miter
            [strokeMiterLimit] => 10
            [scaleX] => 3.74
            [scaleY] => 3.74
            [angle] => 0
            [flipX] => 
            [flipY] => 
            [opacity] => 1
            [shadow] => 
            [visible] => 1
            [clipTo] => 
            [backgroundColor] => 
            [fillRule] => nonzero
            [globalCompositeOperation] => source-over
            [name] => 677a77357accdaf8
            [fieldType] => student-name
            [text] => Student name
            [fontSize] => 33.6
            [fontWeight] => normal
            [fontFamily] => Helvetica
            [fontStyle] => 
            [lineHeight] => 1
            [textDecoration] => 
            [textAlign] => left
            [path] => 
            [textBackgroundColor] => 
            [useNative] => 1
        )

    [2] => stdClass Object
        (
            [type] => text
            [originX] => center
            [originY] => top
            [left] => 483.65
            [top] => 1310.37
            [width] => 248.37
            [height] => 33.6
            [fill] => rgb(0,0,0)
            [stroke] => 
            [strokeWidth] => 1
            [strokeDashArray] => 
            [strokeLineCap] => butt
            [strokeLineJoin] => miter
            [strokeMiterLimit] => 10
            [scaleX] => 1
            [scaleY] => 1
            [angle] => 0
            [flipX] => 
            [flipY] => 
            [opacity] => 1
            [shadow] => 
            [visible] => 1
            [clipTo] => 
            [backgroundColor] => 
            [fillRule] => nonzero
            [globalCompositeOperation] => source-over
            [name] => 65e77c86fc26782c
            [fieldType] => course-end-date
            [text] => Course end date
            [fontSize] => 33.6
            [fontWeight] => normal
            [fontFamily] => Helvetica
            [fontStyle] => 
            [lineHeight] => 1
            [textDecoration] => 
            [textAlign] => left
            [path] => 
            [textBackgroundColor] => 
            [useNative] => 1
        )

    [3] => stdClass Object
        (
            [type] => text
            [originX] => center
            [originY] => middle
            [left] => 1102.92
            [top] => 1054.65
            [width] => 48.02
            [height] => 8
            [fill] => #333333
            [stroke] => 
            [strokeWidth] => 1
            [strokeDashArray] => 
            [strokeLineCap] => butt
            [strokeLineJoin] => miter
            [strokeMiterLimit] => 10
            [scaleX] => 7.24
            [scaleY] => 7.24
            [angle] => 0
            [flipX] => 
            [flipY] => 
            [opacity] => 1
            [shadow] => 
            [visible] => 1
            [clipTo] => 
            [backgroundColor] => 
            [fillRule] => nonzero
            [globalCompositeOperation] => source-over
            [name] => c0411a0b65c3b9bc
            [fieldType] => course-name
            [text] => Course name
            [fontSize] => 8
            [fontWeight] => normal
            [fontFamily] => Helvetica
            [fontStyle] => 
            [lineHeight] => 1
            [textDecoration] => 
            [textAlign] => left
            [path] => 
            [textBackgroundColor] => 
            [useNative] => 1
        )

    [4] => stdClass Object
        (
            [type] => text
            [originX] => center
            [originY] => top
            [left] => 1104.09
            [top] => 935.53
            [width] => 525.1
            [height] => 45.2
            [fill] => rgb(0,0,0)
            [stroke] => 
            [strokeWidth] => 1
            [strokeDashArray] => 
            [strokeLineCap] => butt
            [strokeLineJoin] => miter
            [strokeMiterLimit] => 10
            [scaleX] => 1
            [scaleY] => 1
            [angle] => 0
            [flipX] => 
            [flipY] => 
            [opacity] => 1
            [shadow] => 
            [visible] => 1
            [clipTo] => 
            [backgroundColor] => 
            [fillRule] => nonzero
            [globalCompositeOperation] => source-over
            [name] => 13e4dd4cd9bc7022
            [fieldType] => custom
            [text] => Has completed the course
            [fontSize] => 45.2
            [fontWeight] => normal
            [fontFamily] => Helvetica
            [fontStyle] => 
            [lineHeight] => 1
            [textDecoration] => 
            [textAlign] => left
            [path] => 
            [textBackgroundColor] => 
            [useNative] => 1
        )

    [5] => stdClass Object
        (
            [type] => text
            [originX] => center
            [originY] => top
            [left] => 1106.24
            [top] => 367.86
            [width] => 192.9
            [height] => 25.9
            [fill] => #1e73be
            [stroke] => 
            [strokeWidth] => 1
            [strokeDashArray] => 
            [strokeLineCap] => butt
            [strokeLineJoin] => miter
            [strokeMiterLimit] => 10
            [scaleX] => 4.88
            [scaleY] => 4.88
            [angle] => 0
            [flipX] => 
            [flipY] => 
            [opacity] => 1
            [shadow] => 
            [visible] => 1
            [clipTo] => 
            [backgroundColor] => 
            [fillRule] => nonzero
            [globalCompositeOperation] => source-over
            [name] => 963ba8ae5d8c09b8
            [fieldType] => custom
            [text] => Certificate of achievement
            [fontSize] => 25.9
            [fontWeight] => normal
            [fontFamily] => Cookie
            [fontStyle] => italic
            [lineHeight] => 1
            [textDecoration] => 
            [textAlign] => left
            [path] => 
            [textBackgroundColor] => 
            [useNative] => 1
        )

)

-----01-21-2018 @ 12:40:12 ------
Array
(
    [0] => stdClass Object
        (
            [type] => text
            [originX] => center
            [originY] => top
            [left] => 1106.23
            [top] => 558.52
            [width] => 606.32
            [height] => 68.2
            [fill] => #333333
            [stroke] => 
            [strokeWidth] => 1
            [strokeDashArray] => 
            [strokeLineCap] => butt
            [strokeLineJoin] => miter
            [strokeMiterLimit] => 10
            [scaleX] => 1
            [scaleY] => 1
            [angle] => 0
            [flipX] => 
            [flipY] => 
            [opacity] => 1
            [shadow] => 
            [visible] => 1
            [clipTo] => 
            [backgroundColor] => 
            [fillRule] => nonzero
            [globalCompositeOperation] => source-over
            [name] => ea3f796086d2b6e7
            [fieldType] => custom
            [text] => This is to certify that
            [fontSize] => 68.2
            [fontWeight] => normal
            [fontFamily] => Helvetica
            [fontStyle] => 
            [lineHeight] => 1
            [textDecoration] => 
            [textAlign] => left
            [path] => 
            [textBackgroundColor] => 
            [useNative] => 1
        )

    [1] => stdClass Object
        (
            [type] => text
            [originX] => center
            [originY] => top
            [left] => 1100.83
            [top] => 717.41
            [width] => 209.15
            [height] => 33.6
            [fill] => #333333
            [stroke] => 
            [strokeWidth] => 1
            [strokeDashArray] => 
            [strokeLineCap] => butt
            [strokeLineJoin] => miter
            [strokeMiterLimit] => 10
            [scaleX] => 3.74
            [scaleY] => 3.74
            [angle] => 0
            [flipX] => 
            [flipY] => 
            [opacity] => 1
            [shadow] => 
            [visible] => 1
            [clipTo] => 
            [backgroundColor] => 
            [fillRule] => nonzero
            [globalCompositeOperation] => source-over
            [name] => 677a77357accdaf8
            [fieldType] => student-name
            [text] => Student name
            [fontSize] => 33.6
            [fontWeight] => normal
            [fontFamily] => Helvetica
            [fontStyle] => 
            [lineHeight] => 1
            [textDecoration] => 
            [textAlign] => left
            [path] => 
            [textBackgroundColor] => 
            [useNative] => 1
        )

    [2] => stdClass Object
        (
            [type] => text
            [originX] => center
            [originY] => top
            [left] => 483.65
            [top] => 1310.37
            [width] => 248.37
            [height] => 33.6
            [fill] => rgb(0,0,0)
            [stroke] => 
            [strokeWidth] => 1
            [strokeDashArray] => 
            [strokeLineCap] => butt
            [strokeLineJoin] => miter
            [strokeMiterLimit] => 10
            [scaleX] => 1
            [scaleY] => 1
            [angle] => 0
            [flipX] => 
            [flipY] => 
            [opacity] => 1
            [shadow] => 
            [visible] => 1
            [clipTo] => 
            [backgroundColor] => 
            [fillRule] => nonzero
            [globalCompositeOperation] => source-over
            [name] => 65e77c86fc26782c
            [fieldType] => course-end-date
            [text] => Course end date
            [fontSize] => 33.6
            [fontWeight] => normal
            [fontFamily] => Helvetica
            [fontStyle] => 
            [lineHeight] => 1
            [textDecoration] => 
            [textAlign] => left
            [path] => 
            [textBackgroundColor] => 
            [useNative] => 1
        )

    [3] => stdClass Object
        (
            [type] => text
            [originX] => center
            [originY] => middle
            [left] => 1102.92
            [top] => 1054.65
            [width] => 48.02
            [height] => 8
            [fill] => #333333
            [stroke] => 
            [strokeWidth] => 1
            [strokeDashArray] => 
            [strokeLineCap] => butt
            [strokeLineJoin] => miter
            [strokeMiterLimit] => 10
            [scaleX] => 7.24
            [scaleY] => 7.24
            [angle] => 0
            [flipX] => 
            [flipY] => 
            [opacity] => 1
            [shadow] => 
            [visible] => 1
            [clipTo] => 
            [backgroundColor] => 
            [fillRule] => nonzero
            [globalCompositeOperation] => source-over
            [name] => c0411a0b65c3b9bc
            [fieldType] => course-name
            [text] => Course name
            [fontSize] => 8
            [fontWeight] => normal
            [fontFamily] => Helvetica
            [fontStyle] => 
            [lineHeight] => 1
            [textDecoration] => 
            [textAlign] => left
            [path] => 
            [textBackgroundColor] => 
            [useNative] => 1
        )

    [4] => stdClass Object
        (
            [type] => text
            [originX] => center
            [originY] => top
            [left] => 1104.09
            [top] => 935.53
            [width] => 525.1
            [height] => 45.2
            [fill] => rgb(0,0,0)
            [stroke] => 
            [strokeWidth] => 1
            [strokeDashArray] => 
            [strokeLineCap] => butt
            [strokeLineJoin] => miter
            [strokeMiterLimit] => 10
            [scaleX] => 1
            [scaleY] => 1
            [angle] => 0
            [flipX] => 
            [flipY] => 
            [opacity] => 1
            [shadow] => 
            [visible] => 1
            [clipTo] => 
            [backgroundColor] => 
            [fillRule] => nonzero
            [globalCompositeOperation] => source-over
            [name] => 13e4dd4cd9bc7022
            [fieldType] => custom
            [text] => Has completed the course
            [fontSize] => 45.2
            [fontWeight] => normal
            [fontFamily] => Helvetica
            [fontStyle] => 
            [lineHeight] => 1
            [textDecoration] => 
            [textAlign] => left
            [path] => 
            [textBackgroundColor] => 
            [useNative] => 1
        )

    [5] => stdClass Object
        (
            [type] => text
            [originX] => center
            [originY] => top
            [left] => 1106.24
            [top] => 367.86
            [width] => 192.9
            [height] => 25.9
            [fill] => #1e73be
            [stroke] => 
            [strokeWidth] => 1
            [strokeDashArray] => 
            [strokeLineCap] => butt
            [strokeLineJoin] => miter
            [strokeMiterLimit] => 10
            [scaleX] => 4.88
            [scaleY] => 4.88
            [angle] => 0
            [flipX] => 
            [flipY] => 
            [opacity] => 1
            [shadow] => 
            [visible] => 1
            [clipTo] => 
            [backgroundColor] => 
            [fillRule] => nonzero
            [globalCompositeOperation] => source-over
            [name] => 963ba8ae5d8c09b8
            [fieldType] => custom
            [text] => Certificate of achievement
            [fontSize] => 25.9
            [fontWeight] => normal
            [fontFamily] => Cookie
            [fontStyle] => italic
            [lineHeight] => 1
            [textDecoration] => 
            [textAlign] => left
            [path] => 
            [textBackgroundColor] => 
            [useNative] => 1
        )

)

-----01-21-2018 @ 12:48:06 ------
schedule_update_user_items
-----01-21-2018 @ 12:57:58 ------
schedule_update_user_items
-----01-21-2018 @ 13:08:48 ------
schedule_update_user_items
-----01-21-2018 @ 13:18:20 ------
schedule_update_user_items
-----01-21-2018 @ 17:29:15 ------
schedule_update_user_items
-----01-21-2018 @ 18:18:24 ------
schedule_update_user_items
-----01-21-2018 @ 18:28:08 ------
schedule_update_user_items
-----01-21-2018 @ 18:38:31 ------
schedule_update_user_items
-----01-21-2018 @ 18:48:02 ------
schedule_update_user_items
-----01-21-2018 @ 18:57:57 ------
schedule_update_user_items
-----01-21-2018 @ 19:07:57 ------
schedule_update_user_items
-----01-21-2018 @ 19:18:31 ------
schedule_update_user_items
-----01-21-2018 @ 19:28:28 ------
schedule_update_user_items
-----01-21-2018 @ 20:10:20 ------
schedule_update_user_items
-----01-21-2018 @ 20:18:22 ------
schedule_update_user_items
-----01-21-2018 @ 20:28:15 ------
schedule_update_user_items
-----01-21-2018 @ 20:38:21 ------
schedule_update_user_items
-----01-21-2018 @ 20:48:23 ------
schedule_update_user_items
-----01-21-2018 @ 20:57:55 ------
schedule_update_user_items
-----01-21-2018 @ 21:08:09 ------
schedule_update_user_items
-----01-21-2018 @ 21:18:05 ------
schedule_update_user_items
